# JRE version: Java(TM) SE Runtime Environment (8.0_31-b13) (build 1.8.0_31-b13)
# Java VM: Java HotSpot(TM) Client VM (25.31-b07 mixed mode windows-x86 )
Heap:
 def new generation   total 9984K, used 72K [0x02c00000, 0x036d0000, 0x07ea0000)
  eden space 8896K,   0% used [0x02c00000, 0x02c00000, 0x034b0000)
  from space 1088K,   6% used [0x035c0000, 0x035d20d0, 0x036d0000)
  to   space 1088K,   0% used [0x034b0000, 0x034b0000, 0x035c0000)
 tenured generation   total 22636K, used 22598K [0x07ea0000, 0x094bb000, 0x12400000)
   the space 22636K,  99% used [0x07ea0000, 0x094b1b28, 0x094b1c00, 0x094bb000)
 Metaspace       used 13794K, capacity 13969K, committed 14080K, reserved 14720K
GC Heap History (10 events):
Event: 559.328 GC heap after
Heap after GC invocations=386 (full 2):
 def new generation   total 9984K, used 59K [0x02c00000, 0x036d0000, 0x07ea0000)
  eden space 8896K,   0% used [0x02c00000, 0x02c00000, 0x034b0000)
  from space 1088K,   5% used [0x034b0000, 0x034bef48, 0x035c0000)
  to   space 1088K,   0% used [0x035c0000, 0x035c0000, 0x036d0000)
 tenured generation   total 21996K, used 21926K [0x07ea0000, 0x0941b000, 0x12400000)
   the space 21996K,  99% used [0x07ea0000, 0x09409910, 0x09409a00, 0x0941b000)
 Metaspace       used 13792K, capacity 13969K, committed 14080K, reserved 14720K
}
Event: 559.766 GC heap before
{Heap before GC invocations=386 (full 2):
 def new generation   total 9984K, used 8955K [0x02c00000, 0x036d0000, 0x07ea0000)
  eden space 8896K, 100% used [0x02c00000, 0x034b0000, 0x034b0000)
  from space 1088K,   5% used [0x034b0000, 0x034bef48, 0x035c0000)
  to   space 1088K,   0% used [0x035c0000, 0x035c0000, 0x036d0000)
 tenured generation   total 21996K, used 21926K [0x07ea0000, 0x0941b000, 0x12400000)
   the space 21996K,  99% used [0x07ea0000, 0x09409910, 0x09409a00, 0x0941b000)
 Metaspace       used 13792K, capacity 13969K, committed 14080K, reserved 14720K
Event: 559.770 GC heap after
Heap after GC invocations=387 (full 2):
 def new generation   total 9984K, used 60K [0x02c00000, 0x036d0000, 0x07ea0000)
  eden space 8896K,   0% used [0x02c00000, 0x02c00000, 0x034b0000)
  from space 1088K,   5% used [0x035c0000, 0x035cf1b8, 0x036d0000)
  to   space 1088K,   0% used [0x034b0000, 0x034b0000, 0x035c0000)
 tenured generation   total 21996K, used 21926K [0x07ea0000, 0x0941b000, 0x12400000)
   the space 21996K,  99% used [0x07ea0000, 0x09409910, 0x09409a00, 0x0941b000)
 Metaspace       used 13792K, capacity 13969K, committed 14080K, reserved 14720K
}
Event: 560.219 GC heap before
{Heap before GC invocations=387 (full 2):
 def new generation   total 9984K, used 8956K [0x02c00000, 0x036d0000, 0x07ea0000)
  eden space 8896K, 100% used [0x02c00000, 0x034b0000, 0x034b0000)
  from space 1088K,   5% used [0x035c0000, 0x035cf1b8, 0x036d0000)
  to   space 1088K,   0% used [0x034b0000, 0x034b0000, 0x035c0000)
 tenured generation   total 21996K, used 21926K [0x07ea0000, 0x0941b000, 0x12400000)
   the space 21996K,  99% used [0x07ea0000, 0x09409910, 0x09409a00, 0x0941b000)
 Metaspace       used 13792K, capacity 13969K, committed 14080K, reserved 14720K
Event: 560.223 GC heap after
Heap after GC invocations=388 (full 2):
 def new generation   total 9984K, used 59K [0x02c00000, 0x036d0000, 0x07ea0000)
  eden space 8896K,   0% used [0x02c00000, 0x02c00000, 0x034b0000)
  from space 1088K,   5% used [0x034b0000, 0x034befc8, 0x035c0000)
  to   space 1088K,   0% used [0x035c0000, 0x035c0000, 0x036d0000)
 tenured generation   total 21996K, used 21926K [0x07ea0000, 0x0941b000, 0x12400000)
   the space 21996K,  99% used [0x07ea0000, 0x09409910, 0x09409a00, 0x0941b000)
 Metaspace       used 13792K, capacity 13969K, committed 14080K, reserved 14720K
}
Event: 560.766 GC heap before
{Heap before GC invocations=388 (full 2):
 def new generation   total 9984K, used 8955K [0x02c00000, 0x036d0000, 0x07ea0000)
  eden space 8896K, 100% used [0x02c00000, 0x034b0000, 0x034b0000)
  from space 1088K,   5% used [0x034b0000, 0x034befc8, 0x035c0000)
  to   space 1088K,   0% used [0x035c0000, 0x035c0000, 0x036d0000)
 tenured generation   total 21996K, used 21926K [0x07ea0000, 0x0941b000, 0x12400000)
   the space 21996K,  99% used [0x07ea0000, 0x09409910, 0x09409a00, 0x0941b000)
 Metaspace       used 13792K, capacity 13969K, committed 14080K, reserved 14720K
Event: 560.770 GC heap after
Heap after GC invocations=389 (full 2):
 def new generation   total 9984K, used 73K [0x02c00000, 0x036d0000, 0x07ea0000)
  eden space 8896K,   0% used [0x02c00000, 0x02c00000, 0x034b0000)
  from space 1088K,   6% used [0x035c0000, 0x035d2490, 0x036d0000)
  to   space 1088K,   0% used [0x034b0000, 0x034b0000, 0x035c0000)
 tenured generation   total 21996K, used 21926K [0x07ea0000, 0x0941b000, 0x12400000)
   the space 21996K,  99% used [0x07ea0000, 0x09409910, 0x09409a00, 0x0941b000)
 Metaspace       used 13792K, capacity 13969K, committed 14080K, reserved 14720K
}
Event: 561.391 GC heap before
{Heap before GC invocations=389 (full 2):
 def new generation   total 9984K, used 8969K [0x02c00000, 0x036d0000, 0x07ea0000)
  eden space 8896K, 100% used [0x02c00000, 0x034b0000, 0x034b0000)
  from space 1088K,   6% used [0x035c0000, 0x035d2490, 0x036d0000)
  to   space 1088K,   0% used [0x034b0000, 0x034b0000, 0x035c0000)
 tenured generation   total 21996K, used 21926K [0x07ea0000, 0x0941b000, 0x12400000)
   the space 21996K,  99% used [0x07ea0000, 0x09409910, 0x09409a00, 0x0941b000)
 Metaspace       used 13794K, capacity 13969K, committed 14080K, reserved 14720K
Event: 561.397 GC heap after
Heap after GC invocations=390 (full 2):
 def new generation   total 9984K, used 752K [0x02c00000, 0x036d0000, 0x07ea0000)
  eden space 8896K,   0% used [0x02c00000, 0x02c00000, 0x034b0000)
  from space 1088K,  69% used [0x034b0000, 0x0356c3e0, 0x035c0000)
  to   space 1088K,   0% used [0x035c0000, 0x035c0000, 0x036d0000)
 tenured generation   total 21996K, used 21926K [0x07ea0000, 0x0941b000, 0x12400000)
   the space 21996K,  99% used [0x07ea0000, 0x09409910, 0x09409a00, 0x0941b000)
 Metaspace       used 13794K, capacity 13969K, committed 14080K, reserved 14720K
}
Event: 562.029 GC heap before
{Heap before GC invocations=390 (full 2):
 def new generation   total 9984K, used 9648K [0x02c00000, 0x036d0000, 0x07ea0000)
  eden space 8896K, 100% used [0x02c00000, 0x034b0000, 0x034b0000)
  from space 1088K,  69% used [0x034b0000, 0x0356c3e0, 0x035c0000)
  to   space 1088K,   0% used [0x035c0000, 0x035c0000, 0x036d0000)
 tenured generation   total 21996K, used 21926K [0x07ea0000, 0x0941b000, 0x12400000)
   the space 21996K,  99% used [0x07ea0000, 0x09409910, 0x09409a00, 0x0941b000)
 Metaspace       used 13794K, capacity 13969K, committed 14080K, reserved 14720K

